<?xml version="1.0" encoding="UTF-8"?>
<!-- Generated by org.testng.reporters.JUnitReportReporter -->
<testsuite hostname="SPARTANS-QA1L" name="group1.Group1Test2" tests="2" failures="0" timestamp="25 Mar 2014 08:04:10 GMT" time="0.001" errors="0">
  <testcase name="test1" time="0.000" classname="group1.Group1Test2"/>
  <testcase name="test" time="0.001" classname="group1.Group1Test2"/>
</testsuite> <!-- group1.Group1Test2 -->
