<?xml version="1.0" encoding="UTF-8"?>
<!-- Generated by org.testng.reporters.JUnitReportReporter -->
<testsuite hostname="EAGLE-QA1L" name="examples.DPExample" tests="4" failures="0" timestamp="27 Mar 2014 10:41:19 GMT" time="0.012" errors="0">
  <testcase name="f" time="0.001" classname="examples.DPExample"/>
  <testcase name="f" time="0.000" classname="examples.DPExample"/>
  <testcase name="f" time="0.001" classname="examples.DPExample"/>
  <testcase name="f" time="0.010" classname="examples.DPExample"/>
</testsuite> <!-- examples.DPExample -->
