<?xml version="1.0" encoding="UTF-8"?>
<!-- Generated by org.testng.reporters.JUnitReportReporter -->
<testsuite hostname="EAGLE-QA1L" name="examples.MultipleGroupsTest" tests="2" failures="0" timestamp="27 Mar 2014 10:45:12 GMT" time="0.011" errors="0">
  <testcase name="testArush" time="0.010" classname="examples.MultipleGroupsTest"/>
  <testcase name="testSalin" time="0.001" classname="examples.MultipleGroupsTest"/>
</testsuite> <!-- examples.MultipleGroupsTest -->
