<?xml version="1.0" encoding="UTF-8"?>
<!-- Generated by org.testng.reporters.JUnitReportReporter -->
<testsuite hostname="EAGLE-QA1L" name="examples.Test5" tests="2" failures="0" timestamp="27 Mar 2014 10:40:25 GMT" time="0.012" errors="0">
  <testcase name="test2" time="0.001" classname="examples.Test5"/>
  <testcase name="test1" time="0.011" classname="examples.Test5"/>
</testsuite> <!-- examples.Test5 -->
