<?xml version="1.0" encoding="UTF-8"?>
<!-- Generated by org.testng.reporters.JUnitReportReporter -->
<testsuite hostname="EAGLE-QA1L" name="examples.Test6" tests="1" failures="0" timestamp="27 Mar 2014 10:40:42 GMT" time="0.011" errors="0">
  <testcase name="f" time="0.011" classname="examples.Test6"/>
</testsuite> <!-- examples.Test6 -->
