<?xml version="1.0" encoding="UTF-8"?>
<!-- Generated by org.testng.reporters.JUnitReportReporter -->
<testsuite hostname="EAGLE-QA1L" name="examples.Test2" tests="4" failures="0" timestamp="1 Apr 2014 12:53:01 GMT" time="0.006" errors="0">
  <testcase name="test3" time="0.002" classname="examples.Test2"/>
  <testcase name="test" time="0.002" classname="examples.Test2"/>
  <testcase name="test1" time="0.001" classname="examples.Test2"/>
  <testcase name="test2" time="0.001" classname="examples.Test2"/>
</testsuite> <!-- examples.Test2 -->
