<?xml version="1.0" encoding="UTF-8"?>
<!-- Generated by org.testng.reporters.JUnitReportReporter -->
<testsuite hostname="SPARTANS-QA1L" name="group2.Group2Test2" tests="2" failures="0" timestamp="25 Mar 2014 08:04:10 GMT" time="0.002" errors="0">
  <testcase name="test" time="0.001" classname="group2.Group2Test2"/>
  <testcase name="test1" time="0.001" classname="group2.Group2Test2"/>
</testsuite> <!-- group2.Group2Test2 -->
