<?xml version="1.0" encoding="UTF-8"?>
<!-- Generated by org.testng.reporters.JUnitReportReporter -->
<testsuite hostname="EAGLE-QA1L" name="examples.Test4" tests="2" failures="0" timestamp="27 Mar 2014 10:39:59 GMT" time="0.009" errors="0">
  <testcase name="test1" time="0.006" classname="examples.Test4"/>
  <testcase name="test2" time="0.003" classname="examples.Test4"/>
</testsuite> <!-- examples.Test4 -->
