<?xml version="1.0" encoding="UTF-8"?>
<!-- Generated by org.testng.reporters.JUnitReportReporter -->
<testsuite hostname="SPARTANS-QA1L" name="examples.GroupTest" tests="2" failures="0" timestamp="25 Mar 2014 08:03:43 GMT" time="0.002" errors="0">
  <testcase name="test" time="0.001" classname="examples.GroupTest"/>
  <testcase name="test1" time="0.001" classname="examples.GroupTest"/>
</testsuite> <!-- examples.GroupTest -->
