<?xml version="1.0" encoding="UTF-8"?>
<!-- Generated by org.testng.reporters.JUnitReportReporter -->
<testsuite hostname="EAGLE-QA1L" name="examples.Test3" tests="2" failures="0" timestamp="1 Apr 2014 12:53:01 GMT" time="0.004" errors="0">
  <testcase name="test" time="0.001" classname="examples.Test3"/>
  <testcase name="test1" time="0.003" classname="examples.Test3"/>
</testsuite> <!-- examples.Test3 -->
